<?xml version="1.0" encoding="UTF-8"?>
<!-- Generated by org.testng.reporters.JUnitXMLReporter -->
<testsuite ignored="4" hostname="DESKTOP-UIPJ9QJ" failures="0" tests="1" name="Default test" time="16.843" errors="0" timestamp="2023-08-03T07:31:08 IST">
  <testcase classname="com.sevenmart.tests.AdminUsersTest" name="verify_HitOnAdminUsersPage" time="3.283"/>
  <testcase classname="com.sevenmart.tests.AdminUsersTest" name="verifyNewPartnerCreation" time="0.0">
    <ignored/>
  </testcase> <!-- verifyNewPartnerCreation -->
  <testcase classname="com.sevenmart.tests.AdminUsersTest" name="verifyNewDeliveryBoyCreation" time="0.0">
    <ignored/>
  </testcase> <!-- verifyNewDeliveryBoyCreation -->
  <testcase classname="com.sevenmart.tests.AdminUsersTest" name="verifyNewStaffCreation" time="0.0">
    <ignored/>
  </testcase> <!-- verifyNewStaffCreation -->
  <testcase classname="com.sevenmart.tests.AdminUsersTest" name="verifyNewAdminCreation" time="0.0">
    <ignored/>
  </testcase> <!-- verifyNewAdminCreation -->
</testsuite> <!-- Default test -->
