<?xml version="1.0" encoding="UTF-8"?>
<!-- Generated by org.testng.reporters.JUnitXMLReporter -->
<testsuite ignored="4" hostname="DESKTOP-UIPJ9QJ" failures="0" tests="1" name="Default test" time="20.592" errors="0" timestamp="2023-08-04T20:48:10 IST">
  <testcase classname="com.sevenmart.tests.ManageDeliveryBoyTest" name="verify_editDeliveryBoyDetails" time="3.843"/>
  <testcase classname="com.sevenmart.tests.ManageDeliveryBoyTest" name="verify_NonExistingDeliveryBoy" time="0.0">
    <ignored/>
  </testcase> <!-- verify_NonExistingDeliveryBoy -->
  <testcase classname="com.sevenmart.tests.ManageDeliveryBoyTest" name="verify_ManageDeliveryBoyPageHeading" time="0.0">
    <ignored/>
  </testcase> <!-- verify_ManageDeliveryBoyPageHeading -->
  <testcase classname="com.sevenmart.tests.ManageDeliveryBoyTest" name="verify_ExistingUserByName" time="0.0">
    <ignored/>
  </testcase> <!-- verify_ExistingUserByName -->
  <testcase classname="com.sevenmart.tests.ManageDeliveryBoyTest" name="verify_successAlertForNewDeliveryBoy" time="0.0">
    <ignored/>
  </testcase> <!-- verify_successAlertForNewDeliveryBoy -->
</testsuite> <!-- Default test -->
