<?xml version="1.0" encoding="UTF-8"?>
<!-- Generated by org.testng.reporters.JUnitXMLReporter -->
<testsuite ignored="0" hostname="DESKTOP-UIPJ9QJ" failures="0" tests="4" name="running in chrome" time="60.519" errors="0" timestamp="2023-08-07T23:53:06 IST">
  <testcase classname="com.sevenmart.tests.LoginTest" name="verify_invalidLoginAlertMessage" time="4.265"/>
  <testcase classname="com.sevenmart.tests.LoginTest" name="verify_invalidLoginsAlertMessageUsingDataProvider" time="1.9"/>
  <testcase classname="com.sevenmart.tests.LoginTest" name="verify_invalidLoginsAlertMessageUsingDataProvider" time="2.363"/>
  <testcase classname="com.sevenmart.tests.LoginTest" name="verify_AdminUserProfileNameForValidLogin" time="4.122"/>
</testsuite> <!-- running in chrome -->
