<?xml version="1.0" encoding="UTF-8"?>
<!-- Generated by org.testng.reporters.JUnitXMLReporter -->
<testsuite ignored="0" hostname="DESKTOP-UIPJ9QJ" failures="0" tests="4" name="running in edge" time="60.497" errors="0" timestamp="2023-08-07T23:53:06 IST">
  <testcase classname="com.sevenmart.tests.LoginTest" name="verify_invalidLoginAlertMessage" time="4.369"/>
  <testcase classname="com.sevenmart.tests.LoginTest" name="verify_invalidLoginsAlertMessageUsingDataProvider" time="1.916"/>
  <testcase classname="com.sevenmart.tests.LoginTest" name="verify_invalidLoginsAlertMessageUsingDataProvider" time="2.251"/>
  <testcase classname="com.sevenmart.tests.LoginTest" name="verify_AdminUserProfileNameForValidLogin" time="3.96"/>
</testsuite> <!-- running in edge -->
