<?xml version="1.0" encoding="UTF-8"?>
<!-- Generated by org.testng.reporters.JUnitXMLReporter -->
<testsuite ignored="0" hostname="DESKTOP-UIPJ9QJ" failures="0" tests="4" name="running in frefox" time="60.452" errors="0" timestamp="2023-08-07T23:53:06 IST">
  <testcase classname="com.sevenmart.tests.LoginTest" name="verify_invalidLoginAlertMessage" time="4.491"/>
  <testcase classname="com.sevenmart.tests.LoginTest" name="verify_invalidLoginsAlertMessageUsingDataProvider" time="1.789"/>
  <testcase classname="com.sevenmart.tests.LoginTest" name="verify_invalidLoginsAlertMessageUsingDataProvider" time="1.967"/>
  <testcase classname="com.sevenmart.tests.LoginTest" name="verify_AdminUserProfileNameForValidLogin" time="4.106"/>
</testsuite> <!-- running in frefox -->
