<?xml version="1.0" encoding="UTF-8"?>
<!-- Generated by org.testng.reporters.JUnitXMLReporter -->
<testsuite ignored="0" hostname="DESKTOP-UIPJ9QJ" failures="0" tests="3" name="SanityTest" time="61.087" errors="0" timestamp="2023-08-16T08:44:37 IST">
  <testcase classname="com.sevenmart.tests.LoginTest" name="verify_CheckboxwithoutLogin" time="0.518"/>
  <testcase classname="com.sevenmart.tests.LoginTest" name="verify_invalidLoginAlertMessageUsingExcel" time="20.127"/>
  <testcase classname="com.sevenmart.tests.LoginTest" name="verify_AdminUserProfileName" time="0.0">
    <skipped/>
  </testcase> <!-- verify_AdminUserProfileName -->
</testsuite> <!-- SanityTest -->
