<?xml version="1.0" encoding="UTF-8"?>
<!-- Generated by org.testng.reporters.JUnitXMLReporter -->
<testsuite ignored="6" hostname="DESKTOP-UIPJ9QJ" failures="0" tests="3" name="group tests" time="38.576" errors="0" timestamp="2023-08-16T08:17:54 IST">
  <testcase classname="com.sevenmart.tests.LoginTest" name="verify_CheckboxwithoutLogin" time="0.273"/>
  <testcase classname="com.sevenmart.tests.LoginTest" name="verify_invalidLoginAlertMessageUsingExcel" time="4.288"/>
  <testcase classname="com.sevenmart.tests.ManageDeliveryBoyTest" name="verify_ManageDeliveryBoyPageHeading" time="6.248"/>
  <testcase classname="com.sevenmart.tests.LoginTest" name="verify_AdminUserProfileName" time="0.0">
    <ignored/>
  </testcase> <!-- verify_AdminUserProfileName -->
  <testcase classname="com.sevenmart.tests.ManageDeliveryBoyTest" name="verify_NonExistingDeliveryBoy" time="0.0">
    <ignored/>
  </testcase> <!-- verify_NonExistingDeliveryBoy -->
  <testcase classname="com.sevenmart.tests.ManageDeliveryBoyTest" name="verify_editDeliveryBoyDetails" time="0.0">
    <ignored/>
  </testcase> <!-- verify_editDeliveryBoyDetails -->
  <testcase classname="com.sevenmart.tests.ManageDeliveryBoyTest" name="verify_deleteDeliveryBoyDetails" time="0.0">
    <ignored/>
  </testcase> <!-- verify_deleteDeliveryBoyDetails -->
  <testcase classname="com.sevenmart.tests.ManageDeliveryBoyTest" name="verify_successAlertForNewDeliveryBoy" time="0.0">
    <ignored/>
  </testcase> <!-- verify_successAlertForNewDeliveryBoy -->
  <testcase classname="com.sevenmart.tests.ManageDeliveryBoyTest" name="verify_ExistingUserByName" time="0.0">
    <ignored/>
  </testcase> <!-- verify_ExistingUserByName -->
</testsuite> <!-- group tests -->
