# JRE version: Java(TM) SE Runtime Environment (17.0.7+8) (build 17.0.7+8-LTS-224)
# Java VM: Java HotSpot(TM) 64-Bit Server VM (17.0.7+8-LTS-224, mixed mode, sharing, tiered, compressed oops, compressed class ptrs, g1 gc, windows-amd64)
GC Precious Log:
 CPUs: 4 total, 4 available
 Memory: 4027M
 Large Page Support: Disabled
 NUMA Support: Disabled
 Compressed Oops: Enabled (32-bit)
 Heap Region Size: 1M
 Heap Min Capacity: 8M
 Heap Initial Capacity: 64M
 Heap Max Capacity: 1008M
 Pre-touch: Disabled
 Parallel Workers: 4
 Concurrent Workers: 1
 Concurrent Refinement Workers: 4
 Periodic GC: Disabled
Heap:
 garbage-first heap   total 61440K, used 41345K [0x00000000c1000000, 0x0000000100000000)
  region size 1024K, 10 young (10240K), 3 survivors (3072K)
 Metaspace       used 32114K, committed 32384K, reserved 1081344K
  class space    used 4024K, committed 4160K, reserved 1048576K
GC Heap History (14 events):
Event: 1.706 GC heap before
{Heap before GC invocations=0 (full 0):
 garbage-first heap   total 65536K, used 14336K [0x00000000c1000000, 0x0000000100000000)
  region size 1024K, 13 young (13312K), 0 survivors (0K)
 Metaspace       used 1556K, committed 1664K, reserved 1056768K
  class space    used 135K, committed 192K, reserved 1048576K
}
Event: 1.719 GC heap after
{Heap after GC invocations=1 (full 0):
 garbage-first heap   total 65536K, used 8477K [0x00000000c1000000, 0x0000000100000000)
  region size 1024K, 2 young (2048K), 2 survivors (2048K)
 Metaspace       used 1556K, committed 1664K, reserved 1056768K
  class space    used 135K, committed 192K, reserved 1048576K
}
Event: 3.685 GC heap before
{Heap before GC invocations=1 (full 0):
 garbage-first heap   total 65536K, used 16669K [0x00000000c1000000, 0x0000000100000000)
  region size 1024K, 10 young (10240K), 2 survivors (2048K)
 Metaspace       used 5649K, committed 5824K, reserved 1056768K
  class space    used 618K, committed 704K, reserved 1048576K
}
Event: 3.694 GC heap after
{Heap after GC invocations=2 (full 0):
 garbage-first heap   total 65536K, used 9554K [0x00000000c1000000, 0x0000000100000000)
  region size 1024K, 1 young (1024K), 1 survivors (1024K)
 Metaspace       used 5649K, committed 5824K, reserved 1056768K
  class space    used 618K, committed 704K, reserved 1048576K
}
Event: 5.472 GC heap before
{Heap before GC invocations=2 (full 0):
 garbage-first heap   total 65536K, used 27986K [0x00000000c1000000, 0x0000000100000000)
  region size 1024K, 20 young (20480K), 1 survivors (1024K)
 Metaspace       used 8973K, committed 9280K, reserved 1064960K
  class space    used 1001K, committed 1152K, reserved 1048576K
}
Event: 5.483 GC heap after
{Heap after GC invocations=3 (full 0):
 garbage-first heap   total 65536K, used 10475K [0x00000000c1000000, 0x0000000100000000)
  region size 1024K, 2 young (2048K), 2 survivors (2048K)
 Metaspace       used 8973K, committed 9280K, reserved 1064960K
  class space    used 1001K, committed 1152K, reserved 1048576K
}
Event: 8.091 GC heap before
{Heap before GC invocations=3 (full 0):
 garbage-first heap   total 65536K, used 41195K [0x00000000c1000000, 0x0000000100000000)
  region size 1024K, 32 young (32768K), 2 survivors (2048K)
 Metaspace       used 15854K, committed 16192K, reserved 1064960K
  class space    used 1801K, committed 1984K, reserved 1048576K
}
Event: 8.110 GC heap after
{Heap after GC invocations=4 (full 0):
 garbage-first heap   total 65536K, used 15679K [0x00000000c1000000, 0x0000000100000000)
  region size 1024K, 4 young (4096K), 4 survivors (4096K)
 Metaspace       used 15854K, committed 16192K, reserved 1064960K
  class space    used 1801K, committed 1984K, reserved 1048576K
}
Event: 9.584 GC heap before
{Heap before GC invocations=4 (full 0):
 garbage-first heap   total 65536K, used 27967K [0x00000000c1000000, 0x0000000100000000)
  region size 1024K, 18 young (18432K), 4 survivors (4096K)
 Metaspace       used 21255K, committed 21504K, reserved 1073152K
  class space    used 2494K, committed 2624K, reserved 1048576K
}
Event: 9.600 GC heap after
{Heap after GC invocations=5 (full 0):
 garbage-first heap   total 65536K, used 17311K [0x00000000c1000000, 0x0000000100000000)
  region size 1024K, 2 young (2048K), 2 survivors (2048K)
 Metaspace       used 21255K, committed 21504K, reserved 1073152K
  class space    used 2494K, committed 2624K, reserved 1048576K
}
Event: 12.219 GC heap before
{Heap before GC invocations=6 (full 0):
 garbage-first heap   total 61440K, used 38815K [0x00000000c1000000, 0x0000000100000000)
  region size 1024K, 24 young (24576K), 2 survivors (2048K)
 Metaspace       used 25247K, committed 25536K, reserved 1073152K
  class space    used 3016K, committed 3136K, reserved 1048576K
}
Event: 12.227 GC heap after
{Heap after GC invocations=7 (full 0):
 garbage-first heap   total 61440K, used 18854K [0x00000000c1000000, 0x0000000100000000)
  region size 1024K, 2 young (2048K), 2 survivors (2048K)
 Metaspace       used 25247K, committed 25536K, reserved 1073152K
  class space    used 3016K, committed 3136K, reserved 1048576K
}
Event: 14.542 GC heap before
{Heap before GC invocations=7 (full 0):
 garbage-first heap   total 61440K, used 40358K [0x00000000c1000000, 0x0000000100000000)
  region size 1024K, 24 young (24576K), 2 survivors (2048K)
 Metaspace       used 30552K, committed 30912K, reserved 1081344K
  class space    used 3783K, committed 3968K, reserved 1048576K
}
Event: 14.550 GC heap after
{Heap after GC invocations=8 (full 0):
 garbage-first heap   total 61440K, used 19841K [0x00000000c1000000, 0x0000000100000000)
  region size 1024K, 3 young (3072K), 3 survivors (3072K)
 Metaspace       used 30552K, committed 30912K, reserved 1081344K
  class space    used 3783K, committed 3968K, reserved 1048576K
}

