<?xml version="1.0" encoding="UTF-8"?>
<testng-results ignored="1" total="2" passed="1" failed="0" skipped="0">
  <reporter-output>
  </reporter-output>
  <suite started-at="2023-08-03T16:13:15 IST" name="Default suite" finished-at="2023-08-03T16:13:29 IST" duration-ms="14060">
    <groups>
    </groups>
    <test started-at="2023-08-03T16:13:15 IST" name="Default test" finished-at="2023-08-03T16:13:29 IST" duration-ms="14060">
      <class name="com.sevenmart.tests.PushNotificationsTest">
        <test-method is-config="true" signature="launchBrowser()[pri:0, instance:com.sevenmart.tests.PushNotificationsTest@2a5c8d3f]" started-at="2023-08-03T16:13:15 IST" name="launchBrowser" finished-at="2023-08-03T16:13:24 IST" duration-ms="8215" status="PASS">
          <reporter-output>
          </reporter-output>
        </test-method> <!-- launchBrowser -->
        <test-method signature="verify_EnterStringOnTitleAndDescription()[pri:0, instance:com.sevenmart.tests.PushNotificationsTest@2a5c8d3f]" started-at="2023-08-03T16:13:24 IST" name="verify_EnterStringOnTitleAndDescription" finished-at="2023-08-03T16:13:29 IST" duration-ms="5555" status="PASS">
          <reporter-output>
          </reporter-output>
        </test-method> <!-- verify_EnterStringOnTitleAndDescription -->
        <test-method is-config="true" signature="terminateSession(org.testng.ITestResult)[pri:0, instance:com.sevenmart.tests.PushNotificationsTest@2a5c8d3f]" started-at="2023-08-03T16:13:29 IST" name="terminateSession" finished-at="2023-08-03T16:13:29 IST" duration-ms="4" status="PASS">
          <params>
            <param index="0">
              <value>
                <![CDATA[[TestResult name=verify_EnterStringOnTitleAndDescription status=SUCCESS method=PushNotificationsTest.verify_EnterStringOnTitleAndDescription()[pri:0, instance:com.sevenmart.tests.PushNotificationsTest@2a5c8d3f] output={null}]]]>
              </value>
            </param>
          </params>
          <reporter-output>
          </reporter-output>
        </test-method> <!-- terminateSession -->
      </class> <!-- com.sevenmart.tests.PushNotificationsTest -->
    </test> <!-- Default test -->
  </suite> <!-- Default suite -->
</testng-results>
